This is pdfTeX, Version 3.14159265-2.6-1.40.18 (TeX Live 2017) (preloaded format=pdflatex 2017.6.27)  10 NOV 2018 15:56
entering extended mode
 restricted \write18 enabled.
 file:line:error style messages enabled.
 %&-line parsing enabled.
**fcc_Mannuwhitney_eff_no_mass_cut_no_UOF_new.tex
(./fcc_Mannuwhitney_eff_no_mass_cut_no_UOF_new.tex
LaTeX2e <2017-04-15>
Babel <3.10> and hyphenation patterns for 84 language(s) loaded.
(./elsarticle.cls
Document Class: elsarticle 2009/09/17, 1.2.0: Elsevier Ltd
\@bls=\dimen102
(/usr/local/texlive/2017/texmf-dist/tex/latex/base/article.cls
Document Class: article 2014/09/29 v1.4h Standard LaTeX document class
(/usr/local/texlive/2017/texmf-dist/tex/latex/base/size11.clo
File: size11.clo 2014/09/29 v1.4h Standard LaTeX file (size option)
)
\c@part=\count79
\c@section=\count80
\c@subsection=\count81
\c@subsubsection=\count82
\c@paragraph=\count83
\c@subparagraph=\count84
\c@figure=\count85
\c@table=\count86
\abovecaptionskip=\skip41
\belowcaptionskip=\skip42
\bibindent=\dimen103
)
(/usr/local/texlive/2017/texmf-dist/tex/latex/graphics/graphicx.sty
Package: graphicx 2014/10/28 v1.0g Enhanced LaTeX Graphics (DPC,SPQR)

(/usr/local/texlive/2017/texmf-dist/tex/latex/graphics/keyval.sty
Package: keyval 2014/10/28 v1.15 key=value parser (DPC)
\KV@toks@=\toks14
)
(/usr/local/texlive/2017/texmf-dist/tex/latex/graphics/graphics.sty
Package: graphics 2017/04/14 v1.1b Standard LaTeX Graphics (DPC,SPQR)

(/usr/local/texlive/2017/texmf-dist/tex/latex/graphics/trig.sty
Package: trig 2016/01/03 v1.10 sin cos tan (DPC)
)
(/usr/local/texlive/2017/texmf-dist/tex/latex/graphics-cfg/graphics.cfg
File: graphics.cfg 2016/06/04 v1.11 sample graphics configuration
)
Package graphics Info: Driver file: pdftex.def on input line 99.

(/usr/local/texlive/2017/texmf-dist/tex/latex/graphics-def/pdftex.def
File: pdftex.def 2017/01/12 v0.06k Graphics/color for pdfTeX

(/usr/local/texlive/2017/texmf-dist/tex/generic/oberdiek/infwarerr.sty
Package: infwarerr 2016/05/16 v1.4 Providing info/warning/error messages (HO)
)
(/usr/local/texlive/2017/texmf-dist/tex/generic/oberdiek/ltxcmds.sty
Package: ltxcmds 2016/05/16 v1.23 LaTeX kernel commands for general use (HO)
)
\Gread@gobject=\count87
))
\Gin@req@height=\dimen104
\Gin@req@width=\dimen105
)
(/usr/local/texlive/2017/texmf-dist/tex/latex/psnfss/pifont.sty
Package: pifont 2005/04/12 PSNFSS-v9.2a Pi font support (SPQR) 
LaTeX Font Info:    Try loading font information for U+pzd on input line 63.

(/usr/local/texlive/2017/texmf-dist/tex/latex/psnfss/upzd.fd
File: upzd.fd 2001/06/04 font definitions for U/pzd.
)
LaTeX Font Info:    Try loading font information for U+psy on input line 64.

(/usr/local/texlive/2017/texmf-dist/tex/latex/psnfss/upsy.fd
File: upsy.fd 2001/06/04 font definitions for U/psy.
))
\c@tnote=\count88
\c@fnote=\count89
\c@cnote=\count90
\c@ead=\count91
\c@author=\count92
\@eadauthor=\toks15
\c@affn=\count93
\absbox=\box26
\keybox=\box27
\Columnwidth=\dimen106
\space@left=\dimen107
\els@boxa=\box28
\els@boxb=\box29
\leftMargin=\dimen108
\@enLab=\toks16
\@sep=\skip43
\@@sep=\skip44

(./fcc_Mannuwhitney_eff_no_mass_cut_no_UOF_new.spl)
(/usr/local/texlive/2017/texmf-dist/tex/latex/natbib/natbib.sty
Package: natbib 2010/09/13 8.31b (PWD, AO)
\bibhang=\skip45
\bibsep=\skip46
LaTeX Info: Redefining \cite on input line 694.
\c@NAT@ctr=\count94
)
\splwrite=\write3
\openout3 = `fcc_Mannuwhitney_eff_no_mass_cut_no_UOF_new.spl'.


(/usr/local/texlive/2017/texmf-dist/tex/latex/geometry/geometry.sty
Package: geometry 2010/09/12 v5.6 Page Geometry

(/usr/local/texlive/2017/texmf-dist/tex/generic/oberdiek/ifpdf.sty
Package: ifpdf 2017/03/15 v3.2 Provides the ifpdf switch
)
(/usr/local/texlive/2017/texmf-dist/tex/generic/oberdiek/ifvtex.sty
Package: ifvtex 2016/05/16 v1.6 Detect VTeX and its facilities (HO)
Package ifvtex Info: VTeX not detected.
)
(/usr/local/texlive/2017/texmf-dist/tex/generic/ifxetex/ifxetex.sty
Package: ifxetex 2010/09/12 v0.6 Provides ifxetex conditional
)
\Gm@cnth=\count95
\Gm@cntv=\count96
\c@Gm@tempcnt=\count97
\Gm@bindingoffset=\dimen109
\Gm@wd@mp=\dimen110
\Gm@odd@mp=\dimen111
\Gm@even@mp=\dimen112
\Gm@layoutwidth=\dimen113
\Gm@layoutheight=\dimen114
\Gm@layouthoffset=\dimen115
\Gm@layoutvoffset=\dimen116
\Gm@dimlist=\toks17
))
(/usr/local/texlive/2017/texmf-dist/tex/latex/graphics/epsfig.sty
Package: epsfig 1999/02/16 v1.7a (e)psfig emulation (SPQR)
\epsfxsize=\dimen117
\epsfysize=\dimen118
)
(/usr/local/texlive/2017/texmf-dist/tex/latex/tools/array.sty
Package: array 2016/10/06 v2.4d Tabular extension package (FMi)
\col@sep=\dimen119
\extrarowheight=\dimen120
\NC@list=\toks18
\extratabsurround=\skip47
\backup@length=\skip48
)
(/usr/local/texlive/2017/texmf-dist/tex/latex/tools/tabularx.sty
Package: tabularx 2016/02/03 v2.11 `tabularx' package (DPC)
\TX@col@width=\dimen121
\TX@old@table=\dimen122
\TX@old@col=\dimen123
\TX@target=\dimen124
\TX@delta=\dimen125
\TX@cols=\count98
\TX@ftn=\toks19
)
(/usr/local/texlive/2017/texmf-dist/tex/latex/jknapltx/mathrsfs.sty
Package: mathrsfs 1996/01/01 Math RSFS package v1.0 (jk)
\symrsfs=\mathgroup4
)
(/usr/local/texlive/2017/texmf-dist/tex/latex/graphics/rotating.sty
Package: rotating 2016/08/11 v2.16d rotated objects in LaTeX

(/usr/local/texlive/2017/texmf-dist/tex/latex/base/ifthen.sty
Package: ifthen 2014/09/29 v1.1c Standard LaTeX ifthen package (DPC)
)
\c@r@tfl@t=\count99
\rotFPtop=\skip49
\rotFPbot=\skip50
\rot@float@box=\box30
\rot@mess@toks=\toks20
)
(/usr/local/texlive/2017/texmf-dist/tex/latex/amsfonts/amsfonts.sty
Package: amsfonts 2013/01/14 v3.01 Basic AMSFonts support
\@emptytoks=\toks21
\symAMSa=\mathgroup5
\symAMSb=\mathgroup6
LaTeX Font Info:    Overwriting math alphabet `\mathfrak' in version `bold'
(Font)                  U/euf/m/n --> U/euf/b/n on input line 106.
)
(/usr/local/texlive/2017/texmf-dist/tex/latex/ms/ragged2e.sty
Package: ragged2e 2009/05/21 v2.1 ragged2e Package (MS)

(/usr/local/texlive/2017/texmf-dist/tex/latex/ms/everysel.sty
Package: everysel 2011/10/28 v1.2 EverySelectfont Package (MS)
)
\CenteringLeftskip=\skip51
\RaggedLeftLeftskip=\skip52
\RaggedRightLeftskip=\skip53
\CenteringRightskip=\skip54
\RaggedLeftRightskip=\skip55
\RaggedRightRightskip=\skip56
\CenteringParfillskip=\skip57
\RaggedLeftParfillskip=\skip58
\RaggedRightParfillskip=\skip59
\JustifyingParfillskip=\skip60
\CenteringParindent=\skip61
\RaggedLeftParindent=\skip62
\RaggedRightParindent=\skip63
\JustifyingParindent=\skip64
)
(/usr/local/texlive/2017/texmf-dist/tex/latex/url/url.sty
\Urlmuskip=\muskip10
Package: url 2013/09/16  ver 3.4  Verb mode for urls, etc.
)
(/usr/local/texlive/2017/texmf-dist/tex/latex/hyperref/hyperref.sty
Package: hyperref 2017/03/14 v6.85a Hypertext links for LaTeX

(/usr/local/texlive/2017/texmf-dist/tex/generic/oberdiek/hobsub-hyperref.sty
Package: hobsub-hyperref 2016/05/16 v1.14 Bundle oberdiek, subset hyperref (HO)


(/usr/local/texlive/2017/texmf-dist/tex/generic/oberdiek/hobsub-generic.sty
Package: hobsub-generic 2016/05/16 v1.14 Bundle oberdiek, subset generic (HO)
Package: hobsub 2016/05/16 v1.14 Construct package bundles (HO)
Package hobsub Info: Skipping package `infwarerr' (already loaded).
Package hobsub Info: Skipping package `ltxcmds' (already loaded).
Package: ifluatex 2016/05/16 v1.4 Provides the ifluatex switch (HO)
Package ifluatex Info: LuaTeX not detected.
Package hobsub Info: Skipping package `ifvtex' (already loaded).
Package: intcalc 2016/05/16 v1.2 Expandable calculations with integers (HO)
Package hobsub Info: Skipping package `ifpdf' (already loaded).
Package: etexcmds 2016/05/16 v1.6 Avoid name clashes with e-TeX commands (HO)
Package etexcmds Info: Could not find \expanded.
(etexcmds)             That can mean that you are not using pdfTeX 1.50 or
(etexcmds)             that some package has redefined \expanded.
(etexcmds)             In the latter case, load this package earlier.
Package: kvsetkeys 2016/05/16 v1.17 Key value parser (HO)
Package: kvdefinekeys 2016/05/16 v1.4 Define keys (HO)
Package: pdftexcmds 2017/03/19 v0.25 Utility functions of pdfTeX for LuaTeX (HO
)
Package pdftexcmds Info: LuaTeX not detected.
Package pdftexcmds Info: \pdf@primitive is available.
Package pdftexcmds Info: \pdf@ifprimitive is available.
Package pdftexcmds Info: \pdfdraftmode found.
Package: pdfescape 2016/05/16 v1.14 Implements pdfTeX's escape features (HO)
Package: bigintcalc 2016/05/16 v1.4 Expandable calculations on big integers (HO
)
Package: bitset 2016/05/16 v1.2 Handle bit-vector datatype (HO)
Package: uniquecounter 2016/05/16 v1.3 Provide unlimited unique counter (HO)
)
Package hobsub Info: Skipping package `hobsub' (already loaded).
Package: letltxmacro 2016/05/16 v1.5 Let assignment for LaTeX macros (HO)
Package: hopatch 2016/05/16 v1.3 Wrapper for package hooks (HO)
Package: xcolor-patch 2016/05/16 xcolor patch
Package: atveryend 2016/05/16 v1.9 Hooks at the very end of document (HO)
Package atveryend Info: \enddocument detected (standard20110627).
Package: atbegshi 2016/06/09 v1.18 At begin shipout hook (HO)
Package: refcount 2016/05/16 v3.5 Data extraction from label references (HO)
Package: hycolor 2016/05/16 v1.8 Color options for hyperref/bookmark (HO)
)
(/usr/local/texlive/2017/texmf-dist/tex/latex/oberdiek/auxhook.sty
Package: auxhook 2016/05/16 v1.4 Hooks for auxiliary files (HO)
)
(/usr/local/texlive/2017/texmf-dist/tex/latex/oberdiek/kvoptions.sty
Package: kvoptions 2016/05/16 v3.12 Key value format for package options (HO)
)
\@linkdim=\dimen126
\Hy@linkcounter=\count100
\Hy@pagecounter=\count101

(/usr/local/texlive/2017/texmf-dist/tex/latex/hyperref/pd1enc.def
File: pd1enc.def 2017/03/14 v6.85a Hyperref: PDFDocEncoding definition (HO)
)
\Hy@SavedSpaceFactor=\count102

(/usr/local/texlive/2017/texmf-dist/tex/latex/latexconfig/hyperref.cfg
File: hyperref.cfg 2002/06/06 v1.2 hyperref configuration of TeXLive
)
Package hyperref Info: Option `final' set `true' on input line 4374.
Package hyperref Info: Hyper figures OFF on input line 4498.
Package hyperref Info: Link nesting OFF on input line 4503.
Package hyperref Info: Hyper index ON on input line 4506.
Package hyperref Info: Plain pages OFF on input line 4513.
Package hyperref Info: Backreferencing OFF on input line 4518.
Package hyperref Info: Implicit mode ON; LaTeX internals redefined.
Package hyperref Info: Bookmarks ON on input line 4751.
\c@Hy@tempcnt=\count103
LaTeX Info: Redefining \url on input line 5104.
\XeTeXLinkMargin=\dimen127
\Fld@menulength=\count104
\Field@Width=\dimen128
\Fld@charsize=\dimen129
Package hyperref Info: Hyper figures OFF on input line 6358.
Package hyperref Info: Link nesting OFF on input line 6363.
Package hyperref Info: Hyper index ON on input line 6366.
Package hyperref Info: backreferencing OFF on input line 6373.
Package hyperref Info: Link coloring OFF on input line 6378.
Package hyperref Info: Link coloring with OCG OFF on input line 6383.
Package hyperref Info: PDF/A mode OFF on input line 6388.
LaTeX Info: Redefining \ref on input line 6428.
LaTeX Info: Redefining \pageref on input line 6432.
\Hy@abspage=\count105
\c@Item=\count106
\c@Hfootnote=\count107
)

Package hyperref Message: Driver (autodetected): hpdftex.

(/usr/local/texlive/2017/texmf-dist/tex/latex/hyperref/hpdftex.def
File: hpdftex.def 2017/03/14 v6.85a Hyperref driver for pdfTeX
\Fld@listcount=\count108
\c@bookmark@seq@number=\count109

(/usr/local/texlive/2017/texmf-dist/tex/latex/oberdiek/rerunfilecheck.sty
Package: rerunfilecheck 2016/05/16 v1.8 Rerun checks for auxiliary files (HO)
Package uniquecounter Info: New unique counter `rerunfilecheck' on input line 2
82.
)
\Hy@SectionHShift=\skip65
)
(/usr/local/texlive/2017/texmf-dist/tex/latex/listings/listings.sty
\lst@mode=\count110
\lst@gtempboxa=\box31
\lst@token=\toks22
\lst@length=\count111
\lst@currlwidth=\dimen130
\lst@column=\count112
\lst@pos=\count113
\lst@lostspace=\dimen131
\lst@width=\dimen132
\lst@newlines=\count114
\lst@lineno=\count115
\lst@maxwidth=\dimen133

(/usr/local/texlive/2017/texmf-dist/tex/latex/listings/lstmisc.sty
File: lstmisc.sty 2015/06/04 1.6 (Carsten Heinz)
\c@lstnumber=\count116
\lst@skipnumbers=\count117
\lst@framebox=\box32
)
(/usr/local/texlive/2017/texmf-dist/tex/latex/listings/listings.cfg
File: listings.cfg 2015/06/04 1.6 listings configuration
))
Package: listings 2015/06/04 1.6 (Carsten Heinz)

(/usr/local/texlive/2017/texmf-dist/tex/latex/lineno/lineno.sty
Package: lineno 2005/11/02 line numbers on paragraphs v4.41
\linenopenalty=\count118
\output=\toks23
\linenoprevgraf=\count119
\linenumbersep=\dimen134
\linenumberwidth=\dimen135
\c@linenumber=\count120
\c@pagewiselinenumber=\count121
\c@LN@truepage=\count122
\c@internallinenumber=\count123
\c@internallinenumbers=\count124
\quotelinenumbersep=\dimen136
\bframerule=\dimen137
\bframesep=\dimen138
\bframebox=\box33
LaTeX Info: Redefining \\ on input line 3056.
)
(/usr/local/texlive/2017/texmf-dist/tex/latex/subfigure/subfigure.sty
Package: subfigure 2002/03/15 v2.1.5 subfigure package
\subfigtopskip=\skip66
\subfigcapskip=\skip67
\subfigcaptopadj=\dimen139
\subfigbottomskip=\skip68
\subfigcapmargin=\dimen140
\subfiglabelskip=\skip69
\c@subfigure=\count125
\c@lofdepth=\count126
\c@subtable=\count127
\c@lotdepth=\count128

****************************************
* Local config file subfigure.cfg used *
****************************************
(/usr/local/texlive/2017/texmf-dist/tex/latex/subfigure/subfigure.cfg)
\subfig@top=\skip70
\subfig@bottom=\skip71
)
(/usr/local/texlive/2017/texmf-dist/tex/latex/oberdiek/epstopdf.sty
Package: epstopdf 2016/05/15 v2.6 Conversion with epstopdf on the fly (HO)

(/usr/local/texlive/2017/texmf-dist/tex/latex/oberdiek/epstopdf-base.sty
Package: epstopdf-base 2016/05/15 v2.6 Base part for package epstopdf

(/usr/local/texlive/2017/texmf-dist/tex/latex/oberdiek/grfext.sty
Package: grfext 2016/05/16 v1.2 Manage graphics extensions (HO)
)
Package epstopdf-base Info: Redefining graphics rule for `.eps' on input line 4
38.
Package grfext Info: Graphics extension search list:
(grfext)             [.png,.pdf,.jpg,.mps,.jpeg,.jbig2,.jb2,.PNG,.PDF,.JPG,.JPE
G,.JBIG2,.JB2,.eps]
(grfext)             \AppendGraphicsExtensions on input line 456.

(/usr/local/texlive/2017/texmf-dist/tex/latex/latexconfig/epstopdf-sys.cfg
File: epstopdf-sys.cfg 2010/07/13 v1.3 Configuration of (r)epstopdf for TeX Liv
e
)))
(/usr/local/texlive/2017/texmf-dist/tex/latex/graphics/color.sty
Package: color 2016/07/10 v1.1e Standard LaTeX Color (DPC)

(/usr/local/texlive/2017/texmf-dist/tex/latex/graphics-cfg/color.cfg
File: color.cfg 2016/01/02 v1.6 sample color configuration
)
Package color Info: Driver file: pdftex.def on input line 147.
)
(/usr/local/texlive/2017/texmf-dist/tex/latex/float/float.sty
Package: float 2001/11/08 v1.3d Float enhancements (AL)
\c@float@type=\count129
\float@exts=\toks24
\float@box=\box34
\@float@everytoks=\toks25
\@floatcapt=\box35
)
(/usr/local/texlive/2017/texmf-dist/tex/latex/tools/verbatim.sty
Package: verbatim 2014/10/28 v1.5q LaTeX2e package for verbatim enhancements
\every@verbatim=\toks26
\verbatim@line=\toks27
\verbatim@in@stream=\read1
)
(/usr/local/texlive/2017/texmf-dist/tex/generic/ulem/ulem.sty
\UL@box=\box36
\UL@hyphenbox=\box37
\UL@skip=\skip72
\UL@hook=\toks28
\UL@height=\dimen141
\UL@pe=\count130
\UL@pixel=\dimen142
\ULC@box=\box38
Package: ulem 2012/05/18
\ULdepth=\dimen143
)
(/usr/local/texlive/2017/texmf-dist/tex/latex/soul/soul.sty
Package: soul 2003/11/17 v2.4 letterspacing/underlining (mf)
\SOUL@word=\toks29
\SOUL@lasttoken=\toks30
\SOUL@cmds=\toks31
\SOUL@buffer=\toks32
\SOUL@token=\toks33
\SOUL@spaceskip=\skip73
\SOUL@ttwidth=\dimen144
\SOUL@uldp=\dimen145
\SOUL@ulht=\dimen146
)
Package hyperref Info: Option `colorlinks' set `true' on input line 73.

(./fcc_Mannuwhitney_eff_no_mass_cut_no_UOF_new.aux)
\openout1 = `fcc_Mannuwhitney_eff_no_mass_cut_no_UOF_new.aux'.

LaTeX Font Info:    Checking defaults for OML/cmm/m/it on input line 116.
LaTeX Font Info:    ... okay on input line 116.
LaTeX Font Info:    Checking defaults for T1/cmr/m/n on input line 116.
LaTeX Font Info:    ... okay on input line 116.
LaTeX Font Info:    Checking defaults for OT1/cmr/m/n on input line 116.
LaTeX Font Info:    ... okay on input line 116.
LaTeX Font Info:    Checking defaults for OMS/cmsy/m/n on input line 116.
LaTeX Font Info:    ... okay on input line 116.
LaTeX Font Info:    Checking defaults for OMX/cmex/m/n on input line 116.
LaTeX Font Info:    ... okay on input line 116.
LaTeX Font Info:    Checking defaults for U/cmr/m/n on input line 116.
LaTeX Font Info:    ... okay on input line 116.
LaTeX Font Info:    Checking defaults for PD1/pdf/m/n on input line 116.
LaTeX Font Info:    ... okay on input line 116.

(/usr/local/texlive/2017/texmf-dist/tex/context/base/mkii/supp-pdf.mkii
[Loading MPS to PDF converter (version 2006.09.02).]
\scratchcounter=\count131
\scratchdimen=\dimen147
\scratchbox=\box39
\nofMPsegments=\count132
\nofMParguments=\count133
\everyMPshowfont=\toks34
\MPscratchCnt=\count134
\MPscratchDim=\dimen148
\MPnumerator=\count135
\makeMPintoPDFobject=\count136
\everyMPtoPDFconversion=\toks35
)
*geometry* driver: auto-detecting
*geometry* detected driver: pdftex
*geometry* verbose mode - [ preamble ] result:
* driver: pdftex
* paper: custom
* layout: <same size as paper>
* layoutoffset:(h,v)=(0.0pt,0.0pt)
* hratio: 1:1
* vratio: 1:1
* modes: 
* h-part:(L,W,R)=(106.75394pt, 384.0pt, 106.75394pt)
* v-part:(T,H,B)=(141.52342pt, 562.0pt, 141.52342pt)
* \paperwidth=597.50787pt
* \paperheight=845.04684pt
* \textwidth=412.56496pt
* \textheight=625.96062pt
* \oddsidemargin=34.48395pt
* \evensidemargin=34.48395pt
* \topmargin=7.25343pt
* \headheight=50.0pt
* \headsep=12.0pt
* \topskip=11.0pt
* \footskip=12.0pt
* \marginparwidth=59.0pt
* \marginparsep=10.0pt
* \columnsep=10.0pt
* \skip\footins=24.0pt plus 2.0pt minus 12.0pt
* \hoffset=0.0pt
* \voffset=0.0pt
* \mag=1000
* \@twocolumnfalse
* \@twosidefalse
* \@mparswitchfalse
* \@reversemarginfalse
* (1in=72.27pt=25.4mm, 1cm=28.453pt)

ABD: EverySelectfont initializing macros
LaTeX Info: Redefining \selectfont on input line 116.
\AtBeginShipoutBox=\box40
Package hyperref Info: Link coloring ON on input line 116.

(/usr/local/texlive/2017/texmf-dist/tex/latex/hyperref/nameref.sty
Package: nameref 2016/05/21 v2.44 Cross-referencing by name of section

(/usr/local/texlive/2017/texmf-dist/tex/generic/oberdiek/gettitlestring.sty
Package: gettitlestring 2016/05/16 v1.5 Cleanup title references (HO)
)
\c@section@level=\count137
)
LaTeX Info: Redefining \ref on input line 116.
LaTeX Info: Redefining \pageref on input line 116.
LaTeX Info: Redefining \nameref on input line 116.

(./fcc_Mannuwhitney_eff_no_mass_cut_no_UOF_new.out)
(./fcc_Mannuwhitney_eff_no_mass_cut_no_UOF_new.out)
\@outlinefile=\write4
\openout4 = `fcc_Mannuwhitney_eff_no_mass_cut_no_UOF_new.out'.

\c@lstlisting=\count138

(/usr/local/texlive/2017/texmf-dist/tex/latex/listings/lstlang1.sty
File: lstlang1.sty 2015/06/04 1.6 listings language file
)
Package epstopdf Info: Source file: <ROC_Tau_C/Rawhit_05GeV_tau21_5tev_eff_1_Ne
w2_after_cut_25bins_no_mass_cut_new_75pa.eps>
(epstopdf)                    date: 2018-11-10 12:20:53
(epstopdf)                    size: 13093 bytes
(epstopdf)             Output file: <ROC_Tau_C/Rawhit_05GeV_tau21_5tev_eff_1_Ne
w2_after_cut_25bins_no_mass_cut_new_75pa-eps-converted-to.pdf>
(epstopdf)                    date: 2018-11-10 15:54:49
(epstopdf)                    size: 11229 bytes
(epstopdf)             Command: <repstopdf --outfile=ROC_Tau_C/Rawhit_05GeV_tau
21_5tev_eff_1_New2_after_cut_25bins_no_mass_cut_new_75pa-eps-converted-to.pdf R
OC_Tau_C/Rawhit_05GeV_tau21_5tev_eff_1_New2_after_cut_25bins_no_mass_cut_new_75
pa.eps>
(epstopdf)             \includegraphics on input line 161.
Package epstopdf Info: Output file is already uptodate.

<ROC_Tau_C/Rawhit_05GeV_tau21_5tev_eff_1_New2_after_cut_25bins_no_mass_cut_new_
75pa-eps-converted-to.pdf, id=4, 569.12625pt x 392.46625pt>
File: ROC_Tau_C/Rawhit_05GeV_tau21_5tev_eff_1_New2_after_cut_25bins_no_mass_cut
_new_75pa-eps-converted-to.pdf Graphic file (type pdf)

<use ROC_Tau_C/Rawhit_05GeV_tau21_5tev_eff_1_New2_after_cut_25bins_no_mass_cut_
new_75pa-eps-converted-to.pdf>
Package pdftex.def Info: ROC_Tau_C/Rawhit_05GeV_tau21_5tev_eff_1_New2_after_cut
_25bins_no_mass_cut_new_75pa-eps-converted-to.pdf used on input line 161.
(pdftex.def)             Requested size: 177.3999pt x 122.33398pt.
Package epstopdf Info: Source file: <ROC_Tau_C/Rawhit_05GeV_tau21_10tev_eff_1_N
ew2_after_cut_25bins_no_mass_cut_new_75pa.eps>
(epstopdf)                    date: 2018-11-10 12:20:54
(epstopdf)                    size: 13054 bytes
(epstopdf)             Output file: <ROC_Tau_C/Rawhit_05GeV_tau21_10tev_eff_1_N
ew2_after_cut_25bins_no_mass_cut_new_75pa-eps-converted-to.pdf>
(epstopdf)                    date: 2018-11-10 15:54:49
(epstopdf)                    size: 11209 bytes
(epstopdf)             Command: <repstopdf --outfile=ROC_Tau_C/Rawhit_05GeV_tau
21_10tev_eff_1_New2_after_cut_25bins_no_mass_cut_new_75pa-eps-converted-to.pdf 
ROC_Tau_C/Rawhit_05GeV_tau21_10tev_eff_1_New2_after_cut_25bins_no_mass_cut_new_
75pa.eps>
(epstopdf)             \includegraphics on input line 164.
Package epstopdf Info: Output file is already uptodate.

<ROC_Tau_C/Rawhit_05GeV_tau21_10tev_eff_1_New2_after_cut_25bins_no_mass_cut_new
_75pa-eps-converted-to.pdf, id=5, 569.12625pt x 392.46625pt>
File: ROC_Tau_C/Rawhit_05GeV_tau21_10tev_eff_1_New2_after_cut_25bins_no_mass_cu
t_new_75pa-eps-converted-to.pdf Graphic file (type pdf)

<use ROC_Tau_C/Rawhit_05GeV_tau21_10tev_eff_1_New2_after_cut_25bins_no_mass_cut
_new_75pa-eps-converted-to.pdf>
Package pdftex.def Info: ROC_Tau_C/Rawhit_05GeV_tau21_10tev_eff_1_New2_after_cu
t_25bins_no_mass_cut_new_75pa-eps-converted-to.pdf used on input line 164.
(pdftex.def)             Requested size: 177.3999pt x 122.33398pt.
Package epstopdf Info: Source file: <ROC_Tau_C/Rawhit_05GeV_tau21_20tev_eff_1_N
ew2_after_cut_25bins_no_mass_cut_new_75pa.eps>
(epstopdf)                    date: 2018-11-10 12:20:54
(epstopdf)                    size: 12751 bytes
(epstopdf)             Output file: <ROC_Tau_C/Rawhit_05GeV_tau21_20tev_eff_1_N
ew2_after_cut_25bins_no_mass_cut_new_75pa-eps-converted-to.pdf>
(epstopdf)                    date: 2018-11-10 15:54:50
(epstopdf)                    size: 11162 bytes
(epstopdf)             Command: <repstopdf --outfile=ROC_Tau_C/Rawhit_05GeV_tau
21_20tev_eff_1_New2_after_cut_25bins_no_mass_cut_new_75pa-eps-converted-to.pdf 
ROC_Tau_C/Rawhit_05GeV_tau21_20tev_eff_1_New2_after_cut_25bins_no_mass_cut_new_
75pa.eps>
(epstopdf)             \includegraphics on input line 167.
Package epstopdf Info: Output file is already uptodate.

<ROC_Tau_C/Rawhit_05GeV_tau21_20tev_eff_1_New2_after_cut_25bins_no_mass_cut_new
_75pa-eps-converted-to.pdf, id=6, 569.12625pt x 392.46625pt>
File: ROC_Tau_C/Rawhit_05GeV_tau21_20tev_eff_1_New2_after_cut_25bins_no_mass_cu
t_new_75pa-eps-converted-to.pdf Graphic file (type pdf)

<use ROC_Tau_C/Rawhit_05GeV_tau21_20tev_eff_1_New2_after_cut_25bins_no_mass_cut
_new_75pa-eps-converted-to.pdf>
Package pdftex.def Info: ROC_Tau_C/Rawhit_05GeV_tau21_20tev_eff_1_New2_after_cu
t_25bins_no_mass_cut_new_75pa-eps-converted-to.pdf used on input line 167.
(pdftex.def)             Requested size: 177.3999pt x 122.33398pt.
Package epstopdf Info: Source file: <ROC_Tau_C/Rawhit_05GeV_tau21_40tev_eff_1_N
ew2_after_cut_25bins_no_mass_cut_new_75pa.eps>
(epstopdf)                    date: 2018-11-10 12:20:54
(epstopdf)                    size: 12526 bytes
(epstopdf)             Output file: <ROC_Tau_C/Rawhit_05GeV_tau21_40tev_eff_1_N
ew2_after_cut_25bins_no_mass_cut_new_75pa-eps-converted-to.pdf>
(epstopdf)                    date: 2018-11-10 15:54:51
(epstopdf)                    size: 11103 bytes
(epstopdf)             Command: <repstopdf --outfile=ROC_Tau_C/Rawhit_05GeV_tau
21_40tev_eff_1_New2_after_cut_25bins_no_mass_cut_new_75pa-eps-converted-to.pdf 
ROC_Tau_C/Rawhit_05GeV_tau21_40tev_eff_1_New2_after_cut_25bins_no_mass_cut_new_
75pa.eps>
(epstopdf)             \includegraphics on input line 170.
Package epstopdf Info: Output file is already uptodate.

<ROC_Tau_C/Rawhit_05GeV_tau21_40tev_eff_1_New2_after_cut_25bins_no_mass_cut_new
_75pa-eps-converted-to.pdf, id=7, 569.12625pt x 392.46625pt>
File: ROC_Tau_C/Rawhit_05GeV_tau21_40tev_eff_1_New2_after_cut_25bins_no_mass_cu
t_new_75pa-eps-converted-to.pdf Graphic file (type pdf)

<use ROC_Tau_C/Rawhit_05GeV_tau21_40tev_eff_1_New2_after_cut_25bins_no_mass_cut
_new_75pa-eps-converted-to.pdf>
Package pdftex.def Info: ROC_Tau_C/Rawhit_05GeV_tau21_40tev_eff_1_New2_after_cu
t_25bins_no_mass_cut_new_75pa-eps-converted-to.pdf used on input line 170.
(pdftex.def)             Requested size: 177.3999pt x 122.33398pt.
LaTeX Font Info:    Try loading font information for U+rsfs on input line 177.

(/usr/local/texlive/2017/texmf-dist/tex/latex/jknapltx/ursfs.fd
File: ursfs.fd 1998/03/24 rsfs font definition file (jk)
)
LaTeX Font Info:    Try loading font information for U+msa on input line 177.

(/usr/local/texlive/2017/texmf-dist/tex/latex/amsfonts/umsa.fd
File: umsa.fd 2013/01/14 v3.01 AMS symbols A
)
LaTeX Font Info:    Try loading font information for U+msb on input line 177.

(/usr/local/texlive/2017/texmf-dist/tex/latex/amsfonts/umsb.fd
File: umsb.fd 2013/01/14 v3.01 AMS symbols B
)
Package epstopdf Info: Source file: <ROC_Tau_C/Rawhit_05GeV_tau32_5tev_eff_1_Ne
w2_after_cut_25bins_no_mass_cut_new_75pa.eps>
(epstopdf)                    date: 2018-11-10 12:20:54
(epstopdf)                    size: 12838 bytes
(epstopdf)             Output file: <ROC_Tau_C/Rawhit_05GeV_tau32_5tev_eff_1_Ne
w2_after_cut_25bins_no_mass_cut_new_75pa-eps-converted-to.pdf>
(epstopdf)                    date: 2018-11-10 15:54:51
(epstopdf)                    size: 10836 bytes
(epstopdf)             Command: <repstopdf --outfile=ROC_Tau_C/Rawhit_05GeV_tau
32_5tev_eff_1_New2_after_cut_25bins_no_mass_cut_new_75pa-eps-converted-to.pdf R
OC_Tau_C/Rawhit_05GeV_tau32_5tev_eff_1_New2_after_cut_25bins_no_mass_cut_new_75
pa.eps>
(epstopdf)             \includegraphics on input line 185.
Package epstopdf Info: Output file is already uptodate.

<ROC_Tau_C/Rawhit_05GeV_tau32_5tev_eff_1_New2_after_cut_25bins_no_mass_cut_new_
75pa-eps-converted-to.pdf, id=8, 569.12625pt x 392.46625pt>
File: ROC_Tau_C/Rawhit_05GeV_tau32_5tev_eff_1_New2_after_cut_25bins_no_mass_cut
_new_75pa-eps-converted-to.pdf Graphic file (type pdf)

<use ROC_Tau_C/Rawhit_05GeV_tau32_5tev_eff_1_New2_after_cut_25bins_no_mass_cut_
new_75pa-eps-converted-to.pdf>
Package pdftex.def Info: ROC_Tau_C/Rawhit_05GeV_tau32_5tev_eff_1_New2_after_cut
_25bins_no_mass_cut_new_75pa-eps-converted-to.pdf used on input line 185.
(pdftex.def)             Requested size: 177.3999pt x 122.33398pt.
Package epstopdf Info: Source file: <ROC_Tau_C/Rawhit_05GeV_tau32_10tev_eff_1_N
ew2_after_cut_25bins_no_mass_cut_new_75pa.eps>
(epstopdf)                    date: 2018-11-10 12:20:55
(epstopdf)                    size: 12850 bytes
(epstopdf)             Output file: <ROC_Tau_C/Rawhit_05GeV_tau32_10tev_eff_1_N
ew2_after_cut_25bins_no_mass_cut_new_75pa-eps-converted-to.pdf>
(epstopdf)                    date: 2018-11-10 15:54:52
(epstopdf)                    size: 10850 bytes
(epstopdf)             Command: <repstopdf --outfile=ROC_Tau_C/Rawhit_05GeV_tau
32_10tev_eff_1_New2_after_cut_25bins_no_mass_cut_new_75pa-eps-converted-to.pdf 
ROC_Tau_C/Rawhit_05GeV_tau32_10tev_eff_1_New2_after_cut_25bins_no_mass_cut_new_
75pa.eps>
(epstopdf)             \includegraphics on input line 188.
Package epstopdf Info: Output file is already uptodate.

<ROC_Tau_C/Rawhit_05GeV_tau32_10tev_eff_1_New2_after_cut_25bins_no_mass_cut_new
_75pa-eps-converted-to.pdf, id=9, 569.12625pt x 392.46625pt>
File: ROC_Tau_C/Rawhit_05GeV_tau32_10tev_eff_1_New2_after_cut_25bins_no_mass_cu
t_new_75pa-eps-converted-to.pdf Graphic file (type pdf)

<use ROC_Tau_C/Rawhit_05GeV_tau32_10tev_eff_1_New2_after_cut_25bins_no_mass_cut
_new_75pa-eps-converted-to.pdf>
Package pdftex.def Info: ROC_Tau_C/Rawhit_05GeV_tau32_10tev_eff_1_New2_after_cu
t_25bins_no_mass_cut_new_75pa-eps-converted-to.pdf used on input line 188.
(pdftex.def)             Requested size: 177.3999pt x 122.33398pt.
Package epstopdf Info: Source file: <ROC_Tau_C/Rawhit_05GeV_tau32_20tev_eff_1_N
ew2_after_cut_25bins_no_mass_cut_new_75pa.eps>
(epstopdf)                    date: 2018-11-10 12:20:55
(epstopdf)                    size: 12799 bytes
(epstopdf)             Output file: <ROC_Tau_C/Rawhit_05GeV_tau32_20tev_eff_1_N
ew2_after_cut_25bins_no_mass_cut_new_75pa-eps-converted-to.pdf>
(epstopdf)                    date: 2018-11-10 15:54:52
(epstopdf)                    size: 10830 bytes
(epstopdf)             Command: <repstopdf --outfile=ROC_Tau_C/Rawhit_05GeV_tau
32_20tev_eff_1_New2_after_cut_25bins_no_mass_cut_new_75pa-eps-converted-to.pdf 
ROC_Tau_C/Rawhit_05GeV_tau32_20tev_eff_1_New2_after_cut_25bins_no_mass_cut_new_
75pa.eps>
(epstopdf)             \includegraphics on input line 191.
Package epstopdf Info: Output file is already uptodate.

<ROC_Tau_C/Rawhit_05GeV_tau32_20tev_eff_1_New2_after_cut_25bins_no_mass_cut_new
_75pa-eps-converted-to.pdf, id=10, 569.12625pt x 392.46625pt>
File: ROC_Tau_C/Rawhit_05GeV_tau32_20tev_eff_1_New2_after_cut_25bins_no_mass_cu
t_new_75pa-eps-converted-to.pdf Graphic file (type pdf)

<use ROC_Tau_C/Rawhit_05GeV_tau32_20tev_eff_1_New2_after_cut_25bins_no_mass_cut
_new_75pa-eps-converted-to.pdf>
Package pdftex.def Info: ROC_Tau_C/Rawhit_05GeV_tau32_20tev_eff_1_New2_after_cu
t_25bins_no_mass_cut_new_75pa-eps-converted-to.pdf used on input line 191.
(pdftex.def)             Requested size: 177.3999pt x 122.33398pt.
Package epstopdf Info: Source file: <ROC_Tau_C/Rawhit_05GeV_tau32_40tev_eff_1_N
ew2_after_cut_25bins_no_mass_cut_new_75pa.eps>
(epstopdf)                    date: 2018-11-10 12:20:55
(epstopdf)                    size: 12836 bytes
(epstopdf)             Output file: <ROC_Tau_C/Rawhit_05GeV_tau32_40tev_eff_1_N
ew2_after_cut_25bins_no_mass_cut_new_75pa-eps-converted-to.pdf>
(epstopdf)                    date: 2018-11-10 15:54:53
(epstopdf)                    size: 10847 bytes
(epstopdf)             Command: <repstopdf --outfile=ROC_Tau_C/Rawhit_05GeV_tau
32_40tev_eff_1_New2_after_cut_25bins_no_mass_cut_new_75pa-eps-converted-to.pdf 
ROC_Tau_C/Rawhit_05GeV_tau32_40tev_eff_1_New2_after_cut_25bins_no_mass_cut_new_
75pa.eps>
(epstopdf)             \includegraphics on input line 194.
Package epstopdf Info: Output file is already uptodate.

<ROC_Tau_C/Rawhit_05GeV_tau32_40tev_eff_1_New2_after_cut_25bins_no_mass_cut_new
_75pa-eps-converted-to.pdf, id=11, 569.12625pt x 392.46625pt>
File: ROC_Tau_C/Rawhit_05GeV_tau32_40tev_eff_1_New2_after_cut_25bins_no_mass_cu
t_new_75pa-eps-converted-to.pdf Graphic file (type pdf)

<use ROC_Tau_C/Rawhit_05GeV_tau32_40tev_eff_1_New2_after_cut_25bins_no_mass_cut
_new_75pa-eps-converted-to.pdf>
Package pdftex.def Info: ROC_Tau_C/Rawhit_05GeV_tau32_40tev_eff_1_New2_after_cu
t_25bins_no_mass_cut_new_75pa-eps-converted-to.pdf used on input line 194.
(pdftex.def)             Requested size: 177.3999pt x 122.33398pt.
Package epstopdf Info: Source file: <ROC_Tau_C/Rawhit_05GeV_c2b1_5tev_eff_1_New
2_after_cut_25bins_no_mass_cut_new_75pa.eps>
(epstopdf)                    date: 2018-11-10 12:20:55
(epstopdf)                    size: 12814 bytes
(epstopdf)             Output file: <ROC_Tau_C/Rawhit_05GeV_c2b1_5tev_eff_1_New
2_after_cut_25bins_no_mass_cut_new_75pa-eps-converted-to.pdf>
(epstopdf)                    date: 2018-11-10 15:54:54
(epstopdf)                    size: 11057 bytes
(epstopdf)             Command: <repstopdf --outfile=ROC_Tau_C/Rawhit_05GeV_c2b
1_5tev_eff_1_New2_after_cut_25bins_no_mass_cut_new_75pa-eps-converted-to.pdf RO
C_Tau_C/Rawhit_05GeV_c2b1_5tev_eff_1_New2_after_cut_25bins_no_mass_cut_new_75pa
.eps>
(epstopdf)             \includegraphics on input line 208.
Package epstopdf Info: Output file is already uptodate.

<ROC_Tau_C/Rawhit_05GeV_c2b1_5tev_eff_1_New2_after_cut_25bins_no_mass_cut_new_7
5pa-eps-converted-to.pdf, id=12, 569.12625pt x 392.46625pt>
File: ROC_Tau_C/Rawhit_05GeV_c2b1_5tev_eff_1_New2_after_cut_25bins_no_mass_cut_
new_75pa-eps-converted-to.pdf Graphic file (type pdf)

<use ROC_Tau_C/Rawhit_05GeV_c2b1_5tev_eff_1_New2_after_cut_25bins_no_mass_cut_n
ew_75pa-eps-converted-to.pdf>
Package pdftex.def Info: ROC_Tau_C/Rawhit_05GeV_c2b1_5tev_eff_1_New2_after_cut_
25bins_no_mass_cut_new_75pa-eps-converted-to.pdf used on input line 208.
(pdftex.def)             Requested size: 177.3999pt x 122.33398pt.
Package epstopdf Info: Source file: <ROC_Tau_C/Rawhit_05GeV_c2b1_10tev_eff_1_Ne
w2_after_cut_25bins_no_mass_cut_new_75pa.eps>
(epstopdf)                    date: 2018-11-10 12:20:56
(epstopdf)                    size: 12808 bytes
(epstopdf)             Output file: <ROC_Tau_C/Rawhit_05GeV_c2b1_10tev_eff_1_Ne
w2_after_cut_25bins_no_mass_cut_new_75pa-eps-converted-to.pdf>
(epstopdf)                    date: 2018-11-10 15:54:54
(epstopdf)                    size: 11044 bytes
(epstopdf)             Command: <repstopdf --outfile=ROC_Tau_C/Rawhit_05GeV_c2b
1_10tev_eff_1_New2_after_cut_25bins_no_mass_cut_new_75pa-eps-converted-to.pdf R
OC_Tau_C/Rawhit_05GeV_c2b1_10tev_eff_1_New2_after_cut_25bins_no_mass_cut_new_75
pa.eps>
(epstopdf)             \includegraphics on input line 211.
Package epstopdf Info: Output file is already uptodate.

<ROC_Tau_C/Rawhit_05GeV_c2b1_10tev_eff_1_New2_after_cut_25bins_no_mass_cut_new_
75pa-eps-converted-to.pdf, id=13, 569.12625pt x 392.46625pt>
File: ROC_Tau_C/Rawhit_05GeV_c2b1_10tev_eff_1_New2_after_cut_25bins_no_mass_cut
_new_75pa-eps-converted-to.pdf Graphic file (type pdf)

<use ROC_Tau_C/Rawhit_05GeV_c2b1_10tev_eff_1_New2_after_cut_25bins_no_mass_cut_
new_75pa-eps-converted-to.pdf>
Package pdftex.def Info: ROC_Tau_C/Rawhit_05GeV_c2b1_10tev_eff_1_New2_after_cut
_25bins_no_mass_cut_new_75pa-eps-converted-to.pdf used on input line 211.
(pdftex.def)             Requested size: 177.3999pt x 122.33398pt.
Package epstopdf Info: Source file: <ROC_Tau_C/Rawhit_05GeV_c2b1_20tev_eff_1_Ne
w2_after_cut_25bins_no_mass_cut_new_75pa.eps>
(epstopdf)                    date: 2018-11-10 12:20:56
(epstopdf)                    size: 12792 bytes
(epstopdf)             Output file: <ROC_Tau_C/Rawhit_05GeV_c2b1_20tev_eff_1_Ne
w2_after_cut_25bins_no_mass_cut_new_75pa-eps-converted-to.pdf>
(epstopdf)                    date: 2018-11-10 15:54:55
(epstopdf)                    size: 11049 bytes
(epstopdf)             Command: <repstopdf --outfile=ROC_Tau_C/Rawhit_05GeV_c2b
1_20tev_eff_1_New2_after_cut_25bins_no_mass_cut_new_75pa-eps-converted-to.pdf R
OC_Tau_C/Rawhit_05GeV_c2b1_20tev_eff_1_New2_after_cut_25bins_no_mass_cut_new_75
pa.eps>
(epstopdf)             \includegraphics on input line 214.
Package epstopdf Info: Output file is already uptodate.

<ROC_Tau_C/Rawhit_05GeV_c2b1_20tev_eff_1_New2_after_cut_25bins_no_mass_cut_new_
75pa-eps-converted-to.pdf, id=14, 569.12625pt x 392.46625pt>
File: ROC_Tau_C/Rawhit_05GeV_c2b1_20tev_eff_1_New2_after_cut_25bins_no_mass_cut
_new_75pa-eps-converted-to.pdf Graphic file (type pdf)

<use ROC_Tau_C/Rawhit_05GeV_c2b1_20tev_eff_1_New2_after_cut_25bins_no_mass_cut_
new_75pa-eps-converted-to.pdf>
Package pdftex.def Info: ROC_Tau_C/Rawhit_05GeV_c2b1_20tev_eff_1_New2_after_cut
_25bins_no_mass_cut_new_75pa-eps-converted-to.pdf used on input line 214.
(pdftex.def)             Requested size: 177.3999pt x 122.33398pt.
Package epstopdf Info: Source file: <ROC_Tau_C/Rawhit_05GeV_c2b1_40tev_eff_1_Ne
w2_after_cut_25bins_no_mass_cut_new_75pa.eps>
(epstopdf)                    date: 2018-11-10 12:20:56
(epstopdf)                    size: 12757 bytes
(epstopdf)             Output file: <ROC_Tau_C/Rawhit_05GeV_c2b1_40tev_eff_1_Ne
w2_after_cut_25bins_no_mass_cut_new_75pa-eps-converted-to.pdf>
(epstopdf)                    date: 2018-11-10 15:54:56
(epstopdf)                    size: 11016 bytes
(epstopdf)             Command: <repstopdf --outfile=ROC_Tau_C/Rawhit_05GeV_c2b
1_40tev_eff_1_New2_after_cut_25bins_no_mass_cut_new_75pa-eps-converted-to.pdf R
OC_Tau_C/Rawhit_05GeV_c2b1_40tev_eff_1_New2_after_cut_25bins_no_mass_cut_new_75
pa.eps>
(epstopdf)             \includegraphics on input line 217.
Package epstopdf Info: Output file is already uptodate.

<ROC_Tau_C/Rawhit_05GeV_c2b1_40tev_eff_1_New2_after_cut_25bins_no_mass_cut_new_
75pa-eps-converted-to.pdf, id=15, 569.12625pt x 392.46625pt>
File: ROC_Tau_C/Rawhit_05GeV_c2b1_40tev_eff_1_New2_after_cut_25bins_no_mass_cut
_new_75pa-eps-converted-to.pdf Graphic file (type pdf)

<use ROC_Tau_C/Rawhit_05GeV_c2b1_40tev_eff_1_New2_after_cut_25bins_no_mass_cut_
new_75pa-eps-converted-to.pdf>
Package pdftex.def Info: ROC_Tau_C/Rawhit_05GeV_c2b1_40tev_eff_1_New2_after_cut
_25bins_no_mass_cut_new_75pa-eps-converted-to.pdf used on input line 217.
(pdftex.def)             Requested size: 177.3999pt x 122.33398pt.
Package atveryend Info: Empty hook `BeforeClearDocument' on input line 226.
 [1{/usr/local/texlive/2017/texmf-var/fonts/map/pdftex/updmap/pdftex.map}pdfTeX
 warning (ext4): destination with the same identifier (name{figure.1}) has been
 already used, duplicate ignored

\AtBegShi@Output ...ipout \box \AtBeginShipoutBox 
                                                  \fi \fi 
l.226 \end{document}
                    

 <./ROC_Tau_C/Rawhit_05GeV_tau21_5tev_eff_1_New2_after_cut_25bins_no_mass_cut_n
ew_75pa-eps-converted-to.pdf> <./ROC_Tau_C/Rawhit_05GeV_tau21_10tev_eff_1_New2_
after_cut_25bins_no_mass_cut_new_75pa-eps-converted-to.pdf> <./ROC_Tau_C/Rawhit
_05GeV_tau21_20tev_eff_1_New2_after_cut_25bins_no_mass_cut_new_75pa-eps-convert
ed-to.pdf> <./ROC_Tau_C/Rawhit_05GeV_tau21_40tev_eff_1_New2_after_cut_25bins_no
_mass_cut_new_75pa-eps-converted-to.pdf>] [2pdfTeX warning (ext4): destination 
with the same identifier (name{figure.2}) has been already used, duplicate igno
red

\AtBegShi@Output ...ipout \box \AtBeginShipoutBox 
                                                  \fi \fi 
l.226 \end{document}
                     <./ROC_Tau_C/Rawhit_05GeV_tau32_5tev_eff_1_New2_after_cut_
25bins_no_mass_cut_new_75pa-eps-converted-to.pdf> <./ROC_Tau_C/Rawhit_05GeV_tau
32_10tev_eff_1_New2_after_cut_25bins_no_mass_cut_new_75pa-eps-converted-to.pdf>
 <./ROC_Tau_C/Rawhit_05GeV_tau32_20tev_eff_1_New2_after_cut_25bins_no_mass_cut_
new_75pa-eps-converted-to.pdf> <./ROC_Tau_C/Rawhit_05GeV_tau32_40tev_eff_1_New2
_after_cut_25bins_no_mass_cut_new_75pa-eps-converted-to.pdf>] [3pdfTeX warning 
(ext4): destination with the same identifier (name{figure.3}) has been already 
used, duplicate ignored

\AtBegShi@Output ...ipout \box \AtBeginShipoutBox 
                                                  \fi \fi 
l.226 \end{document}
                     <./ROC_Tau_C/Rawhit_05GeV_c2b1_5tev_eff_1_New2_after_cut_2
5bins_no_mass_cut_new_75pa-eps-converted-to.pdf> <./ROC_Tau_C/Rawhit_05GeV_c2b1
_10tev_eff_1_New2_after_cut_25bins_no_mass_cut_new_75pa-eps-converted-to.pdf> <
./ROC_Tau_C/Rawhit_05GeV_c2b1_20tev_eff_1_New2_after_cut_25bins_no_mass_cut_new
_75pa-eps-converted-to.pdf> <./ROC_Tau_C/Rawhit_05GeV_c2b1_40tev_eff_1_New2_aft
er_cut_25bins_no_mass_cut_new_75pa-eps-converted-to.pdf>]
Package atveryend Info: Empty hook `AfterLastShipout' on input line 226.

(./fcc_Mannuwhitney_eff_no_mass_cut_no_UOF_new.aux)
Package atveryend Info: Executing hook `AtVeryEndDocument' on input line 226.
Package atveryend Info: Executing hook `AtEndAfterFileList' on input line 226.
Package rerunfilecheck Info: File `fcc_Mannuwhitney_eff_no_mass_cut_no_UOF_new.
out' has not changed.
(rerunfilecheck)             Checksum: D41D8CD98F00B204E9800998ECF8427E;0.
Package atveryend Info: Empty hook `AtVeryVeryEnd' on input line 226.
 ) 
Here is how much of TeX's memory you used:
 8541 strings out of 492995
 130351 string characters out of 6132704
 243156 words of memory out of 5000000
 11922 multiletter control sequences out of 15000+600000
 9932 words of font info for 39 fonts, out of 8000000 for 9000
 1141 hyphenation exceptions out of 8191
 34i,7n,40p,406b,331s stack positions out of 5000i,500n,10000p,200000b,80000s
</usr/local/texlive/2017/texmf-dist/fonts/type1/public/amsfonts/cm/cmmi9.pfb>
</usr/local/texlive/2017/texmf-dist/fonts/type1/public/amsfonts/cm/cmr10.pfb></
usr/local/texlive/2017/texmf-dist/fonts/type1/public/amsfonts/cm/cmr12.pfb></us
r/local/texlive/2017/texmf-dist/fonts/type1/public/amsfonts/cm/cmr6.pfb></usr/l
ocal/texlive/2017/texmf-dist/fonts/type1/public/amsfonts/cm/cmr9.pfb></usr/loca
l/texlive/2017/texmf-dist/fonts/type1/public/amsfonts/cm/cmti9.pfb>
Output written on fcc_Mannuwhitney_eff_no_mass_cut_no_UOF_new.pdf (3 pages, 148
970 bytes).
PDF statistics:
 233 PDF objects out of 1000 (max. 8388607)
 172 compressed objects within 2 object streams
 19 named destinations out of 1000 (max. 500000)
 61 words of extra memory for PDF output out of 10000 (max. 10000000)

