This is pdfTeX, Version 3.14159265-2.6-1.40.18 (TeX Live 2017) (preloaded format=pdflatex 2017.6.27)  10 OCT 2018 00:10
entering extended mode
 restricted \write18 enabled.
 file:line:error style messages enabled.
 %&-line parsing enabled.
**fcc_Mass_soft_drop_for_paper_new_no_UOF_total.tex
(./fcc_Mass_soft_drop_for_paper_new_no_UOF_total.tex
LaTeX2e <2017-04-15>
Babel <3.10> and hyphenation patterns for 84 language(s) loaded.
./fcc_Mass_soft_drop_for_paper_new_no_UOF_total.tex:1: Undefined control sequen
ce.
l.1 \section
            {Study of detector performance with soft drop mass}
? 
./fcc_Mass_soft_drop_for_paper_new_no_UOF_total.tex:1: Emergency stop.
l.1 \section
            {Study of detector performance with soft drop mass}
End of file on the terminal!

 
Here is how much of TeX's memory you used:
 5 strings out of 492995
 279 string characters out of 6132704
 54074 words of memory out of 5000000
 3658 multiletter control sequences out of 15000+600000
 3640 words of font info for 14 fonts, out of 8000000 for 9000
 1141 hyphenation exceptions out of 8191
 5i,0n,1p,111b,8s stack positions out of 5000i,500n,10000p,200000b,80000s
./fcc_Mass_soft_drop_for_paper_new_no_UOF_total.tex:1:  ==> Fatal error occurre
d, no output PDF file produced!
