This is pdfTeXk, Version 3.141592-1.40.3 (Web2C 7.5.6) (format=latex 2016.7.19)  29 NOV 2018 13:37
entering extended mode
 %&-line parsing enabled.
**fcc_hcal.tex
(./fcc_hcal.tex
LaTeX2e <2005/12/01>
Babel <v3.8h> and hyphenation patterns for english, usenglishmax, dumylang, noh
yphenation, arabic, basque, bulgarian, coptic, welsh, czech, slovak, german, ng
erman, danish, esperanto, spanish, catalan, galician, estonian, farsi, finnish,
 french, greek, monogreek, ancientgreek, croatian, hungarian, interlingua, ibyc
us, indonesian, icelandic, italian, latin, mongolian, dutch, norsk, polish, por
tuguese, pinyin, romanian, russian, slovenian, uppersorbian, serbian, swedish, 
turkish, ukenglish, ukrainian, loaded.
(./elsarticle.cls
Document Class: elsarticle 2009/09/17, 1.2.0: Elsevier Ltd
\@bls=\dimen102
(/usr/share/texmf/tex/latex/base/article.cls
Document Class: article 2005/09/16 v1.4f Standard LaTeX document class
(/usr/share/texmf/tex/latex/base/size11.clo
File: size11.clo 2005/09/16 v1.4f Standard LaTeX file (size option)
)
\c@part=\count79
\c@section=\count80
\c@subsection=\count81
\c@subsubsection=\count82
\c@paragraph=\count83
\c@subparagraph=\count84
\c@figure=\count85
\c@table=\count86
\abovecaptionskip=\skip41
\belowcaptionskip=\skip42
\bibindent=\dimen103
)
(/usr/share/texmf/tex/latex/graphics/graphicx.sty
Package: graphicx 1999/02/16 v1.0f Enhanced LaTeX Graphics (DPC,SPQR)

(/usr/share/texmf/tex/latex/graphics/keyval.sty
Package: keyval 1999/03/16 v1.13 key=value parser (DPC)
\KV@toks@=\toks14
)
(/usr/share/texmf/tex/latex/graphics/graphics.sty
Package: graphics 2006/02/20 v1.0o Standard LaTeX Graphics (DPC,SPQR)

(/usr/share/texmf/tex/latex/graphics/trig.sty
Package: trig 1999/03/16 v1.09 sin cos tan (DPC)
)
(/usr/share/texmf/tex/latex/config/graphics.cfg
File: graphics.cfg 2007/01/18 v1.5 graphics configuration of teTeX/TeXLive
)
Package graphics Info: Driver file: dvips.def on input line 90.

(/usr/share/texmf/tex/latex/graphics/dvips.def
File: dvips.def 1999/02/16 v3.0i Driver-dependant file (DPC,SPQR)
))
\Gin@req@height=\dimen104
\Gin@req@width=\dimen105
)
(/usr/share/texmf/tex/latex/psnfss/pifont.sty
Package: pifont 2005/04/12 PSNFSS-v9.2a Pi font support (SPQR) 
LaTeX Font Info:    Try loading font information for U+pzd on input line 63.

(/usr/share/texmf/tex/latex/psnfss/upzd.fd
File: upzd.fd 2001/06/04 font definitions for U/pzd.
)
LaTeX Font Info:    Try loading font information for U+psy on input line 64.

(/usr/share/texmf/tex/latex/psnfss/upsy.fd
File: upsy.fd 2001/06/04 font definitions for U/psy.
))
\c@tnote=\count87
\c@fnote=\count88
\c@cnote=\count89
\c@ead=\count90
\c@author=\count91
\@eadauthor=\toks15
\c@affn=\count92
\absbox=\box26
\keybox=\box27
\Columnwidth=\dimen106
\space@left=\dimen107
\els@boxa=\box28
\els@boxb=\box29
\leftMargin=\dimen108
\@enLab=\toks16
\@sep=\skip43
\@@sep=\skip44
 (./fcc_hcal.spl)
(/usr/share/texmf/tex/latex/natbib/natbib.sty
Package: natbib 2007/02/05 8.0 (PWD)
\bibhang=\skip45
\bibsep=\skip46
LaTeX Info: Redefining \cite on input line 602.
\c@NAT@ctr=\count93
)
\splwrite=\write3
\openout3 = `fcc_hcal.spl'.


(/usr/share/texmf/tex/latex/geometry/geometry.sty
Package: geometry 2002/07/08 v3.2 Page Geometry
\Gm@cnth=\count94
\Gm@cntv=\count95
\c@Gm@tempcnt=\count96
\Gm@bindingoffset=\dimen109
\Gm@wd@mp=\dimen110
\Gm@odd@mp=\dimen111
\Gm@even@mp=\dimen112
\Gm@dimlist=\toks17
))
(/usr/share/texmf/tex/latex/graphics/epsfig.sty
Package: epsfig 1999/02/16 v1.7a (e)psfig emulation (SPQR)
\epsfxsize=\dimen113
\epsfysize=\dimen114
)
(/usr/share/texmf/tex/latex/tools/array.sty
Package: array 2005/08/23 v2.4b Tabular extension package (FMi)
\col@sep=\dimen115
\extrarowheight=\dimen116
\NC@list=\toks18
\extratabsurround=\skip47
\backup@length=\skip48
)
(/usr/share/texmf/tex/latex/tools/tabularx.sty
Package: tabularx 1999/01/07 v2.07 `tabularx' package (DPC)
\TX@col@width=\dimen117
\TX@old@table=\dimen118
\TX@old@col=\dimen119
\TX@target=\dimen120
\TX@delta=\dimen121
\TX@cols=\count97
\TX@ftn=\toks19
)
(/usr/share/texmf/tex/latex/jknapltx/mathrsfs.sty
Package: mathrsfs 1996/01/01 Math RSFS package v1.0 (jk)
\symrsfs=\mathgroup4
)
(/usr/share/texmf/tex/latex/rotating/rotating.sty
Package: rotating 1997/09/26, v2.13 Rotation package

(/usr/share/texmf/tex/latex/base/ifthen.sty
Package: ifthen 2001/05/26 v1.1c Standard LaTeX ifthen package (DPC)
)
\c@r@tfl@t=\count98
\rot@float@box=\box30
)
(/usr/share/texmf/tex/latex/amsfonts/amsfonts.sty
Package: amsfonts 2001/10/25 v2.2f
\@emptytoks=\toks20
\symAMSa=\mathgroup5
\symAMSb=\mathgroup6
LaTeX Font Info:    Overwriting math alphabet `\mathfrak' in version `bold'
(Font)                  U/euf/m/n --> U/euf/b/n on input line 132.
)
(/usr/share/texmf/tex/latex/ragged2e/ragged2e.sty
Package: ragged2e 2003/03/25 v2.04 ragged2e Package (MS)

(/usr/share/texmf/tex/latex/everysel/everysel.sty
Package: everysel 1999/06/08 v1.03 EverySelectfont Package (MS)
)
\CenteringLeftskip=\skip49
\RaggedLeftLeftskip=\skip50
\RaggedRightLeftskip=\skip51
\CenteringRightskip=\skip52
\RaggedLeftRightskip=\skip53
\RaggedRightRightskip=\skip54
\CenteringParfillskip=\skip55
\RaggedLeftParfillskip=\skip56
\RaggedRightParfillskip=\skip57
\JustifyingParfillskip=\skip58
\CenteringParindent=\skip59
\RaggedLeftParindent=\skip60
\RaggedRightParindent=\skip61
\JustifyingParindent=\skip62
)
(/usr/share/texmf/tex/latex/ltxmisc/url.sty
\Urlmuskip=\muskip10
Package: url 2005/06/27  ver 3.2  Verb mode for urls, etc.
)
(/usr/share/texmf/tex/latex/hyperref/hyperref.sty
Package: hyperref 2007/02/07 v6.75r Hypertext links for LaTeX
\@linkdim=\dimen122
\Hy@linkcounter=\count99
\Hy@pagecounter=\count100

(/usr/share/texmf/tex/latex/hyperref/pd1enc.def
File: pd1enc.def 2007/02/07 v6.75r Hyperref: PDFDocEncoding definition (HO)
)
(/usr/share/texmf/tex/latex/config/hyperref.cfg
File: hyperref.cfg 2002/06/06 v1.2 hyperref configuration of TeXLive
)
(/usr/share/texmf/tex/latex/oberdiek/kvoptions.sty
Package: kvoptions 2006/08/22 v2.4 Connects package keyval with LaTeX options (
HO)
)
Package hyperref Info: Option `final' set `true' on input line 2238.
Package hyperref Info: Hyper figures OFF on input line 2288.
Package hyperref Info: Link nesting OFF on input line 2293.
Package hyperref Info: Hyper index ON on input line 2296.
Package hyperref Info: Plain pages OFF on input line 2303.
Package hyperref Info: Backreferencing OFF on input line 2308.

Implicit mode ON; LaTeX internals redefined
Package hyperref Info: Bookmarks ON on input line 2444.
LaTeX Info: Redefining \url on input line 2599.
\Fld@menulength=\count101
\Field@Width=\dimen123
\Fld@charsize=\dimen124
\Choice@toks=\toks21
\Field@toks=\toks22
Package hyperref Info: Hyper figures OFF on input line 3102.
Package hyperref Info: Link nesting OFF on input line 3107.
Package hyperref Info: Hyper index ON on input line 3110.
Package hyperref Info: backreferencing OFF on input line 3117.
Package hyperref Info: Link coloring OFF on input line 3122.
\Hy@abspage=\count102
\c@Item=\count103
)
*hyperref using default driver hdvips*
(/usr/share/texmf/tex/latex/hyperref/hdvips.def
File: hdvips.def 2007/02/07 v6.75r Hyperref driver for dvips

(/usr/share/texmf/tex/latex/hyperref/pdfmark.def
File: pdfmark.def 2007/02/07 v6.75r Hyperref definitions for pdfmark specials
\pdf@docset=\toks23
\pdf@box=\box31
\pdf@toks=\toks24
\pdf@defaulttoks=\toks25
\Fld@listcount=\count104
))
(/usr/share/texmf/tex/latex/listings/listings.sty
\lst@mode=\count105
\lst@gtempboxa=\box32
\lst@token=\toks26
\lst@length=\count106
\lst@currlwidth=\dimen125
\lst@column=\count107
\lst@pos=\count108
\lst@lostspace=\dimen126
\lst@width=\dimen127
\lst@newlines=\count109
\lst@lineno=\count110
\c@lstlisting=\count111
\lst@maxwidth=\dimen128

(/usr/share/texmf/tex/latex/listings/lstpatch.sty
File: lstpatch.sty 2004/10/17 1.3b (Carsten Heinz)
)
(/usr/share/texmf/tex/latex/listings/lstmisc.sty
File: lstmisc.sty 2004/09/07 1.3 (Carsten Heinz)
\c@lstnumber=\count112
\lst@skipnumbers=\count113
\lst@framebox=\box33
)
(/usr/share/texmf/tex/latex/listings/listings.cfg
File: listings.cfg 2004/09/05 1.3 listings configuration
))
Package: listings 2004/10/17 1.3b (Carsten Heinz)

(/usr/share/texmf/tex/latex/lineno/lineno.sty
Package: lineno 2005/11/02 line numbers on paragraphs v4.41
\linenopenalty=\count114
\output=\toks27
\linenoprevgraf=\count115
\linenumbersep=\dimen129
\linenumberwidth=\dimen130
\c@linenumber=\count116
\c@pagewiselinenumber=\count117
\c@LN@truepage=\count118
\c@internallinenumber=\count119
\c@internallinenumbers=\count120
\quotelinenumbersep=\dimen131
\bframerule=\dimen132
\bframesep=\dimen133
\bframebox=\box34
LaTeX Info: Redefining \\ on input line 3056.
)
(/usr/share/texmf/tex/latex/subfigure/subfigure.sty
Package: subfigure 2002/03/15 v2.1.5 subfigure package
\subfigtopskip=\skip63
\subfigcapskip=\skip64
\subfigcaptopadj=\dimen134
\subfigbottomskip=\skip65
\subfigcapmargin=\dimen135
\subfiglabelskip=\skip66
\c@subfigure=\count121
\c@lofdepth=\count122
\c@subtable=\count123
\c@lotdepth=\count124

****************************************
* Local config file subfigure.cfg used *
****************************************
(/usr/share/texmf/tex/latex/subfigure/subfigure.cfg)
\subfig@top=\skip67
\subfig@bottom=\skip68
)
(/usr/share/texmf/tex/latex/oberdiek/epstopdf.sty
Package: epstopdf 2006/08/26 v1.3 Conversion with epstopdf on the fly (HO)


Package epstopdf Warning: Graphics driver file `pdftex.def' not found.

) (/usr/share/texmf/tex/latex/graphics/color.sty
Package: color 2005/11/14 v1.0j Standard LaTeX Color (DPC)

(/usr/share/texmf/tex/latex/config/color.cfg
File: color.cfg 2007/01/18 v1.5 color configuration of teTeX/TeXLive
)
Package color Info: Driver file: dvips.def on input line 130.

(/usr/share/texmf/tex/latex/graphics/dvipsnam.def
File: dvipsnam.def 1999/02/16 v3.0i Driver-dependant file (DPC,SPQR)
))
(/usr/share/texmf/tex/latex/float/float.sty
Package: float 2001/11/08 v1.3d Float enhancements (AL)
\c@float@type=\count125
\float@exts=\toks28
\float@box=\box35
\@float@everytoks=\toks29
\@floatcapt=\box36
)
(/usr/share/texmf/tex/latex/tools/verbatim.sty
Package: verbatim 2003/08/22 v1.5q LaTeX2e package for verbatim enhancements
\every@verbatim=\toks30
\verbatim@line=\toks31
\verbatim@in@stream=\read1
)
(/usr/share/texmf/tex/latex/ltxmisc/ulem.sty
\UL@box=\box37
\UL@hyphenbox=\box38
\UL@skip=\skip69
\UL@hook=\toks32
\UL@pe=\count126
\UL@pixel=\dimen136
\ULC@box=\box39
Package: ulem 2000/05/26
\ULdepth=\dimen137
)
(/usr/share/texmf/tex/latex/soul/soul.sty
Package: soul 2003/11/17 v2.4 letterspacing/underlining (mf)
\SOUL@word=\toks33
\SOUL@lasttoken=\toks34
\SOUL@cmds=\toks35
\SOUL@buffer=\toks36
\SOUL@token=\toks37
\SOUL@spaceskip=\skip70
\SOUL@ttwidth=\dimen138
\SOUL@uldp=\dimen139
\SOUL@ulht=\dimen140
)
Package hyperref Info: Option `colorlinks' set `true' on input line 73.

pdfTeX warning (\pdfinfo): not allowed in DVI mode (\pdfoutput <= 0); ignoring 
it
(./fcc_hcal.aux)
\openout1 = `fcc_hcal.aux'.

LaTeX Font Info:    Checking defaults for OML/cmm/m/it on input line 116.
LaTeX Font Info:    ... okay on input line 116.
LaTeX Font Info:    Checking defaults for T1/cmr/m/n on input line 116.
LaTeX Font Info:    ... okay on input line 116.
LaTeX Font Info:    Checking defaults for OT1/cmr/m/n on input line 116.
LaTeX Font Info:    ... okay on input line 116.
LaTeX Font Info:    Checking defaults for OMS/cmsy/m/n on input line 116.
LaTeX Font Info:    ... okay on input line 116.
LaTeX Font Info:    Checking defaults for OMX/cmex/m/n on input line 116.
LaTeX Font Info:    ... okay on input line 116.
LaTeX Font Info:    Checking defaults for U/cmr/m/n on input line 116.
LaTeX Font Info:    ... okay on input line 116.
LaTeX Font Info:    Checking defaults for PD1/pdf/m/n on input line 116.
LaTeX Font Info:    ... okay on input line 116.
-------------------- Geometry parameters
paper: user defined
landscape: --
twocolumn: --
twoside: --
asymmetric: --
h-parts: 106.75394pt, 384.0pt, 106.75394pt
v-parts: 141.52342pt, 562.0pt, 141.52342pt
hmarginratio: 1:1
vmarginratio: 1:1
lines: --
heightrounded: --
bindingoffset: 0.0pt
truedimen: --
includehead: --
includefoot: --
includemp: --
driver: 
-------------------- Page layout dimensions and switches
\paperwidth  597.50787pt
\paperheight 845.04684pt
\textwidth  412.56496pt
\textheight 625.96062pt
\oddsidemargin  34.48395pt
\evensidemargin 34.48395pt
\topmargin  7.25343pt
\headheight 50.0pt
\headsep    12.0pt
\footskip   12.0pt
\marginparwidth 59.0pt
\marginparsep   10.0pt
\columnsep  10.0pt
\skip\footins  24.0pt plus 2.0pt minus 12.0pt
\hoffset 0.0pt
\voffset 0.0pt
\mag 1000

(1in=72.27pt, 1cm=28.45pt)
-----------------------
LaTeX Info: Redefining \selectfont on input line 116.
Package hyperref Info: Link coloring ON on input line 116.
 (/usr/share/texmf/tex/latex/hyperref/nameref.sty
Package: nameref 2006/12/27 v2.28 Cross-referencing by name of section

(/usr/share/texmf/tex/latex/oberdiek/refcount.sty
Package: refcount 2006/02/20 v3.0 Data extraction from references (HO)
)
\c@section@level=\count127
)
LaTeX Info: Redefining \ref on input line 116.
LaTeX Info: Redefining \pageref on input line 116.
 (./fcc_hcal.out)
(./fcc_hcal.out)
\@outlinefile=\write4
\openout4 = `fcc_hcal.out'.

 (/usr/share/texmf/tex/latex/listings/lstlang1.sty
File: lstlang1.sty 2004/09/05 1.3 listings language file
)
LaTeX Font Info:    Try loading font information for U+rsfs on input line 210.

(/usr/share/texmf/tex/latex/jknapltx/ursfs.fd
File: ursfs.fd 1998/03/24 rsfs font definition file (jk)
)
LaTeX Font Info:    Try loading font information for U+msa on input line 210.

(/usr/share/texmf/tex/latex/amsfonts/umsa.fd
File: umsa.fd 2002/01/19 v2.2g AMS font definitions
)
LaTeX Font Info:    Try loading font information for U+msb on input line 210.

(/usr/share/texmf/tex/latex/amsfonts/umsb.fd
File: umsb.fd 2002/01/19 v2.2g AMS font definitions
) [1

] (./fcc_jets.tex [2]
Overfull \hbox (1.77145pt too wide) in paragraph at lines 22--31
\OT1/cmr/m/n/10.95 level dis-tri-bu-tions sig-nif-i-cantly dis-agree with the d
is-tri-bu-tions re-con-structed us-ing truth-
 []

File: figs/h5tev_clus_effR_ww1.eps Graphic file (type eps)
<figs/h5tev_clus_effR_ww1.eps>
File: figs/h10tev_clus_effR_ww1.eps Graphic file (type eps)
 <figs/h10tev_clus_effR_ww1.eps>
File: figs/h20tev_clus_effR_ww1.eps Graphic file (type eps)

<figs/h20tev_clus_effR_ww1.eps>
File: figs/h40tev_clus_effR_ww1.eps Graphic file (type eps)
 <figs/h40tev_clus_effR_ww1.eps>
File: figs/h5tev_clus_d12_ww1.eps Graphic file (type eps)

<figs/h5tev_clus_d12_ww1.eps>
File: figs/h10tev_clus_d12_ww1.eps Graphic file (type eps)
 <figs/h10tev_clus_d12_ww1.eps>
File: figs/h20tev_clus_d12_ww1.eps Graphic file (type eps)

<figs/h20tev_clus_d12_ww1.eps>
File: figs/h40tev_clus_d12_ww1.eps Graphic file (type eps)
 <figs/h40tev_clus_d12_ww1.eps>)
(./fcc_Mass_soft_drop_for_paper_new_no_UOF_total.tex [3] [4] [5]
File: h_soft_drop/Dis_cluster_010_mass_mmdt_20tev_04_no_UOF.eps Graphic file (t
ype eps)

<h_soft_drop/Dis_cluster_010_mass_mmdt_20tev_04_no_UOF.eps>
File: h_soft_drop/Dis_cluster_009_mass_mmdt_20tev_04_no_UOF.eps Graphic file (t
ype eps)

<h_soft_drop/Dis_cluster_009_mass_mmdt_20tev_04_no_UOF.eps>
File: h_soft_drop/Dis_cluster_012_mass_mmdt_20tev_04_no_UOF.eps Graphic file (t
ype eps)

<h_soft_drop/Dis_cluster_012_mass_mmdt_20tev_04_no_UOF.eps>
File: ROC_soft_drop/A_Cluster_mass_mmdt_5tev_eff_1_central_fix_at_Median_bin_ww
_qq_log_no_UOF.eps Graphic file (type eps)

<ROC_soft_drop/A_Cluster_mass_mmdt_5tev_eff_1_central_fix_at_Median_bin_ww_qq_l
og_no_UOF.eps>
File: ROC_soft_drop/A_Cluster_mass_mmdt_10tev_eff_1_central_fix_at_Median_bin_w
w_qq_log_no_UOF.eps Graphic file (type eps)

<ROC_soft_drop/A_Cluster_mass_mmdt_10tev_eff_1_central_fix_at_Median_bin_ww_qq_
log_no_UOF.eps>
File: ROC_soft_drop/A_Cluster_mass_mmdt_20tev_eff_1_central_fix_at_Median_bin_w
w_qq_log_no_UOF.eps Graphic file (type eps)

<ROC_soft_drop/A_Cluster_mass_mmdt_20tev_eff_1_central_fix_at_Median_bin_ww_qq_
log_no_UOF.eps>
File: ROC_soft_drop/A_Cluster_mass_mmdt_40tev_eff_1_central_fix_at_Median_bin_w
w_qq_log_no_UOF.eps Graphic file (type eps)

<ROC_soft_drop/A_Cluster_mass_mmdt_40tev_eff_1_central_fix_at_Median_bin_ww_qq_
log_no_UOF.eps>
File: h_soft_drop/Dis_cluster_010_mass_mmdt_tt_20tev_04_tt_no_UOF.eps Graphic f
ile (type eps)

<h_soft_drop/Dis_cluster_010_mass_mmdt_tt_20tev_04_tt_no_UOF.eps>
File: h_soft_drop/Dis_cluster_009_mass_mmdt_tt_20tev_04_tt_no_UOF.eps Graphic f
ile (type eps)

<h_soft_drop/Dis_cluster_009_mass_mmdt_tt_20tev_04_tt_no_UOF.eps>
File: h_soft_drop/Dis_cluster_012_mass_mmdt_tt_20tev_04_tt_no_UOF.eps Graphic f
ile (type eps)

<h_soft_drop/Dis_cluster_012_mass_mmdt_tt_20tev_04_tt_no_UOF.eps>
File: ROC_soft_drop/A_Cluster_mass_mmdt_5tev_eff_1_central_fix_at_Median_bin_tt
_qq_log_no_UOF.eps Graphic file (type eps)

<ROC_soft_drop/A_Cluster_mass_mmdt_5tev_eff_1_central_fix_at_Median_bin_tt_qq_l
og_no_UOF.eps>
File: ROC_soft_drop/A_Cluster_mass_mmdt_10tev_eff_1_central_fix_at_Median_bin_t
t_qq_log_no_UOF.eps Graphic file (type eps)

<ROC_soft_drop/A_Cluster_mass_mmdt_10tev_eff_1_central_fix_at_Median_bin_tt_qq_
log_no_UOF.eps>
File: ROC_soft_drop/A_Cluster_mass_mmdt_20tev_eff_1_central_fix_at_Median_bin_t
t_qq_log_no_UOF.eps Graphic file (type eps)

<ROC_soft_drop/A_Cluster_mass_mmdt_20tev_eff_1_central_fix_at_Median_bin_tt_qq_
log_no_UOF.eps>
File: ROC_soft_drop/A_Cluster_mass_mmdt_40tev_eff_1_central_fix_at_Median_bin_t
t_qq_log_no_UOF.eps Graphic file (type eps)

<ROC_soft_drop/A_Cluster_mass_mmdt_40tev_eff_1_central_fix_at_Median_bin_tt_qq_
log_no_UOF.eps>
File: h_soft_drop/Dis_cluster_010_mass_sdb2_ww_20tev_04_1600_no_UOF.eps Graphic
 file (type eps)

<h_soft_drop/Dis_cluster_010_mass_sdb2_ww_20tev_04_1600_no_UOF.eps>
File: h_soft_drop/Dis_cluster_009_mass_sdb2_ww_20tev_04_1600_no_UOF.eps Graphic
 file (type eps)

<h_soft_drop/Dis_cluster_009_mass_sdb2_ww_20tev_04_1600_no_UOF.eps>
File: h_soft_drop/Dis_cluster_012_mass_sdb2_ww_20tev_04_1600_no_UOF.eps Graphic
 file (type eps)

<h_soft_drop/Dis_cluster_012_mass_sdb2_ww_20tev_04_1600_no_UOF.eps>
File: ROC_soft_drop/A_Cluster_mass_sdb2_5tev_eff_1_central_fix_at_Median_bin_ww
_qq_log_no_UOF.eps Graphic file (type eps)

<ROC_soft_drop/A_Cluster_mass_sdb2_5tev_eff_1_central_fix_at_Median_bin_ww_qq_l
og_no_UOF.eps>
File: ROC_soft_drop/A_Cluster_mass_sdb2_10tev_eff_1_central_fix_at_Median_bin_w
w_qq_log_no_UOF.eps Graphic file (type eps)

<ROC_soft_drop/A_Cluster_mass_sdb2_10tev_eff_1_central_fix_at_Median_bin_ww_qq_
log_no_UOF.eps>
File: ROC_soft_drop/A_Cluster_mass_sdb2_20tev_eff_1_central_fix_at_Median_bin_w
w_qq_log_no_UOF.eps Graphic file (type eps)

<ROC_soft_drop/A_Cluster_mass_sdb2_20tev_eff_1_central_fix_at_Median_bin_ww_qq_
log_no_UOF.eps>
File: ROC_soft_drop/A_Cluster_mass_sdb2_40tev_eff_1_central_fix_at_Median_bin_w
w_qq_log_no_UOF.eps Graphic file (type eps)

<ROC_soft_drop/A_Cluster_mass_sdb2_40tev_eff_1_central_fix_at_Median_bin_ww_qq_
log_no_UOF.eps>
File: h_soft_drop/Dis_cluster_010_mass_sdb2_tt_20tev_04_tt_2400_no_UOF.eps Grap
hic file (type eps)

<h_soft_drop/Dis_cluster_010_mass_sdb2_tt_20tev_04_tt_2400_no_UOF.eps>
File: h_soft_drop/Dis_cluster_009_mass_sdb2_tt_20tev_04_tt_2400_no_UOF.eps Grap
hic file (type eps)

<h_soft_drop/Dis_cluster_009_mass_sdb2_tt_20tev_04_tt_2400_no_UOF.eps>
File: h_soft_drop/Dis_cluster_012_mass_sdb2_tt_20tev_04_tt_2400_no_UOF.eps Grap
hic file (type eps)

<h_soft_drop/Dis_cluster_012_mass_sdb2_tt_20tev_04_tt_2400_no_UOF.eps>
File: ROC_soft_drop/A_Cluster_mass_sdb2_5tev_eff_1_central_fix_at_Median_bin_tt
_qq_log_no_UOF.eps Graphic file (type eps)

<ROC_soft_drop/A_Cluster_mass_sdb2_5tev_eff_1_central_fix_at_Median_bin_tt_qq_l
og_no_UOF.eps>
File: ROC_soft_drop/A_Cluster_mass_sdb2_10tev_eff_1_central_fix_at_Median_bin_t
t_qq_log_no_UOF.eps Graphic file (type eps)

<ROC_soft_drop/A_Cluster_mass_sdb2_10tev_eff_1_central_fix_at_Median_bin_tt_qq_
log_no_UOF.eps>
File: ROC_soft_drop/A_Cluster_mass_sdb2_20tev_eff_1_central_fix_at_Median_bin_t
t_qq_log_no_UOF.eps Graphic file (type eps)

<ROC_soft_drop/A_Cluster_mass_sdb2_20tev_eff_1_central_fix_at_Median_bin_tt_qq_
log_no_UOF.eps>
File: ROC_soft_drop/A_Cluster_mass_sdb2_40tev_eff_1_central_fix_at_Median_bin_t
t_qq_log_no_UOF.eps Graphic file (type eps)

<ROC_soft_drop/A_Cluster_mass_sdb2_40tev_eff_1_central_fix_at_Median_bin_tt_qq_
log_no_UOF.eps>) (./fcc_Mannuwhitney_eff_New_mass_cut_no_UOF_new.tex [6]
[7] [8] [9] [10]

Package hyperref Warning: Token not allowed in a PDFDocEncoded string,
(hyperref)                removing `math shift' on input line 5.


Package hyperref Warning: Token not allowed in a PDFDocEncoded string,
(hyperref)                removing `math shift' on input line 5.

[11] [12]
File: h_Tau_C/Dis_Rawhit_05GeV_010_tau21_20tev_04_after_cut_Man_25_no_UOF_new_7
5pa_for_paper.eps Graphic file (type eps)

<h_Tau_C/Dis_Rawhit_05GeV_010_tau21_20tev_04_after_cut_Man_25_no_UOF_new_75pa_f
or_paper.eps>
File: h_Tau_C/Dis_Rawhit_05GeV_009_tau21_20tev_04_after_cut_Man_25_no_UOF_new_7
5pa_for_paper.eps Graphic file (type eps)

<h_Tau_C/Dis_Rawhit_05GeV_009_tau21_20tev_04_after_cut_Man_25_no_UOF_new_75pa_f
or_paper.eps>
File: h_Tau_C/Dis_Rawhit_05GeV_012_tau21_20tev_04_after_cut_Man_25_no_UOF_new_7
5pa_for_paper.eps Graphic file (type eps)

<h_Tau_C/Dis_Rawhit_05GeV_012_tau21_20tev_04_after_cut_Man_25_no_UOF_new_75pa_f
or_paper.eps>
File: ROC_Tau_C/Rawhit_05GeV_tau21_5tev_eff_1_New2_after_cut_25bins_no_UOF_new_
75pa.eps Graphic file (type eps)

<ROC_Tau_C/Rawhit_05GeV_tau21_5tev_eff_1_New2_after_cut_25bins_no_UOF_new_75pa.
eps>
File: ROC_Tau_C/Rawhit_05GeV_tau21_10tev_eff_1_New2_after_cut_25bins_no_UOF_new
_75pa.eps Graphic file (type eps)

<ROC_Tau_C/Rawhit_05GeV_tau21_10tev_eff_1_New2_after_cut_25bins_no_UOF_new_75pa
.eps>
File: ROC_Tau_C/Rawhit_05GeV_tau21_20tev_eff_1_New2_after_cut_25bins_no_UOF_new
_75pa.eps Graphic file (type eps)

<ROC_Tau_C/Rawhit_05GeV_tau21_20tev_eff_1_New2_after_cut_25bins_no_UOF_new_75pa
.eps>
File: ROC_Tau_C/Rawhit_05GeV_tau21_40tev_eff_1_New2_after_cut_25bins_no_UOF_new
_75pa.eps Graphic file (type eps)

<ROC_Tau_C/Rawhit_05GeV_tau21_40tev_eff_1_New2_after_cut_25bins_no_UOF_new_75pa
.eps>
File: h_Tau_C/Dis_Rawhit_05GeV_010_tau32_20tev_04_after_cut_Man_25_no_UOF_new_7
5pa_for_paper.eps Graphic file (type eps)

<h_Tau_C/Dis_Rawhit_05GeV_010_tau32_20tev_04_after_cut_Man_25_no_UOF_new_75pa_f
or_paper.eps>
File: h_Tau_C/Dis_Rawhit_05GeV_009_tau32_20tev_04_after_cut_Man_25_no_UOF_new_7
5pa_for_paper.eps Graphic file (type eps)

<h_Tau_C/Dis_Rawhit_05GeV_009_tau32_20tev_04_after_cut_Man_25_no_UOF_new_75pa_f
or_paper.eps>
File: h_Tau_C/Dis_Rawhit_05GeV_012_tau32_20tev_04_after_cut_Man_25_no_UOF_new_7
5pa_for_paper.eps Graphic file (type eps)

<h_Tau_C/Dis_Rawhit_05GeV_012_tau32_20tev_04_after_cut_Man_25_no_UOF_new_75pa_f
or_paper.eps>
File: ROC_Tau_C/Rawhit_05GeV_tau32_5tev_eff_1_New2_after_cut_25bins_no_UOF_new_
75pa.eps Graphic file (type eps)

<ROC_Tau_C/Rawhit_05GeV_tau32_5tev_eff_1_New2_after_cut_25bins_no_UOF_new_75pa.
eps>
File: ROC_Tau_C/Rawhit_05GeV_tau32_10tev_eff_1_New2_after_cut_25bins_no_UOF_new
_75pa.eps Graphic file (type eps)

<ROC_Tau_C/Rawhit_05GeV_tau32_10tev_eff_1_New2_after_cut_25bins_no_UOF_new_75pa
.eps>
File: ROC_Tau_C/Rawhit_05GeV_tau32_20tev_eff_1_New2_after_cut_25bins_no_UOF_new
_75pa.eps Graphic file (type eps)

<ROC_Tau_C/Rawhit_05GeV_tau32_20tev_eff_1_New2_after_cut_25bins_no_UOF_new_75pa
.eps>
File: ROC_Tau_C/Rawhit_05GeV_tau32_40tev_eff_1_New2_after_cut_25bins_no_UOF_new
_75pa.eps Graphic file (type eps)

<ROC_Tau_C/Rawhit_05GeV_tau32_40tev_eff_1_New2_after_cut_25bins_no_UOF_new_75pa
.eps>
File: h_Tau_C/Dis_Rawhit_05GeV_010_c2b1_20tev_04_after_cut_Man_25_no_UOF_new_75
pa_for_paper.eps Graphic file (type eps)

<h_Tau_C/Dis_Rawhit_05GeV_010_c2b1_20tev_04_after_cut_Man_25_no_UOF_new_75pa_fo
r_paper.eps>
File: h_Tau_C/Dis_Rawhit_05GeV_009_c2b1_20tev_04_after_cut_Man_25_no_UOF_new_75
pa_for_paper.eps Graphic file (type eps)

<h_Tau_C/Dis_Rawhit_05GeV_009_c2b1_20tev_04_after_cut_Man_25_no_UOF_new_75pa_fo
r_paper.eps>
File: h_Tau_C/Dis_Rawhit_05GeV_012_c2b1_20tev_04_after_cut_Man_25_no_UOF_new_75
pa_for_paper.eps Graphic file (type eps)

<h_Tau_C/Dis_Rawhit_05GeV_012_c2b1_20tev_04_after_cut_Man_25_no_UOF_new_75pa_fo
r_paper.eps>
File: ROC_Tau_C/Rawhit_05GeV_c2b1_5tev_eff_1_New2_after_cut_25bins_no_UOF_new_7
5pa.eps Graphic file (type eps)

<ROC_Tau_C/Rawhit_05GeV_c2b1_5tev_eff_1_New2_after_cut_25bins_no_UOF_new_75pa.e
ps>
File: ROC_Tau_C/Rawhit_05GeV_c2b1_10tev_eff_1_New2_after_cut_25bins_no_UOF_new_
75pa.eps Graphic file (type eps)

<ROC_Tau_C/Rawhit_05GeV_c2b1_10tev_eff_1_New2_after_cut_25bins_no_UOF_new_75pa.
eps>
File: ROC_Tau_C/Rawhit_05GeV_c2b1_20tev_eff_1_New2_after_cut_25bins_no_UOF_new_
75pa.eps Graphic file (type eps)

<ROC_Tau_C/Rawhit_05GeV_c2b1_20tev_eff_1_New2_after_cut_25bins_no_UOF_new_75pa.
eps>
File: ROC_Tau_C/Rawhit_05GeV_c2b1_40tev_eff_1_New2_after_cut_25bins_no_UOF_new_
75pa.eps Graphic file (type eps)

<ROC_Tau_C/Rawhit_05GeV_c2b1_40tev_eff_1_New2_after_cut_25bins_no_UOF_new_75pa.
eps>
File: Mann_Sum/raw_05_tau21_summary_U_after_cut_25bins_no_UOF_new_75pa.eps Grap
hic file (type eps)
 <Mann_Sum/raw_05_tau21_summary_U_after_cut_25bins_no_UOF_new_75pa.eps>
File: Mann_Sum/raw_05_tau32_summary_U_after_cut_25bins_no_UOF_new_75pa.eps Grap
hic file (type eps)

<Mann_Sum/raw_05_tau32_summary_U_after_cut_25bins_no_UOF_new_75pa.eps>
File: Mann_Sum/raw_05_c2b1_summary_U_after_cut_25bins_no_UOF_new_75pa.eps Graph
ic file (type eps)

<Mann_Sum/raw_05_c2b1_summary_U_after_cut_25bins_no_UOF_new_75pa.eps>)
(./fcc_conclusion.tex) [13] [14] [15] [16] [17] (./fcc_hcal.bbl
Missing character: There is no Ã in font cmr9!
Missing character: There is no ® in font cmr9!
Missing character: There is no â in font cmr9!
Missing character: There is no Š in font cmr9!
Missing character: There is no ¥ in font cmr9!
Missing character: There is no â in font cmr9!
Missing character: There is no € in font cmr9!
Missing character: There is no “ in font cmr9!

Underfull \hbox (badness 10000) in paragraph at lines 99--105
[]\OT1/cmr/m/n/9 S. Catani, Y. L. Dok-shitzer, M. H. Sey-mour, B. R. Web-ber,
 []

[18]) [19] (./fcc_hcal.aux) ) 
Here is how much of TeX's memory you used:
 6004 strings out of 256215
 89651 string characters out of 1917023
 173293 words of memory out of 1500000
 9085 multiletter control sequences out of 10000+200000
 17639 words of font info for 71 fonts, out of 1200000 for 2000
 645 hyphenation exceptions out of 8191
 32i,8n,39p,456b,486s stack positions out of 5000i,500n,6000p,200000b,15000s

Output written on fcc_hcal.dvi (19 pages, 130532 bytes).
